<?xml version="1.0" encoding="UTF-8"?>
<testng-results ignored="0" total="1" passed="1" failed="0" skipped="0">
  <reporter-output>
  </reporter-output>
  <suite started-at="2020-07-24T09:42:06 IST" name="Default suite" finished-at="2020-07-24T09:42:11 IST" duration-ms="4189">
    <groups>
    </groups>
    <test started-at="2020-07-24T09:42:06 IST" name="Default test" finished-at="2020-07-24T09:42:11 IST" duration-ms="4189">
      <class name="RestAssured_API.API_Test1">
        <test-method signature="getData()[pri:0, instance:RestAssured_API.API_Test1@5e316c74]" started-at="2020-07-24T09:42:06 IST" name="getData" finished-at="2020-07-24T09:42:11 IST" duration-ms="4049" status="PASS">
          <reporter-output>
          </reporter-output>
        </test-method> <!-- getData -->
      </class> <!-- RestAssured_API.API_Test1 -->
    </test> <!-- Default test -->
  </suite> <!-- Default suite -->
</testng-results>
